2020-12-08 12:28:44,541 Using selector: EpollSelector
2020-12-08 12:36:23,003 Using selector: EpollSelector
2020-12-08 12:36:23,006 Server started
2020-12-08 12:39:43,599 Server started
2020-12-08 12:41:11,589 Server started
2020-12-08 12:46:22,257 Server started
2020-12-08 12:46:27,107 Task exception was never retrieved
future: <Task finished name='Task-4' coro=<handle_echo() done, defined at server.py:17> exception=NameError("name 'DATA' is not defined")>
Traceback (most recent call last):
  File "server.py", line 18, in handle_echo
    data = await reader.read(config[DATA][characters])
NameError: name 'DATA' is not defined
2020-12-08 12:47:36,393 Server started
2020-12-08 12:47:39,591 Task exception was never retrieved
future: <Task finished name='Task-4' coro=<handle_echo() done, defined at server.py:17> exception=TypeError("'<' not supported between instances of 'str' and 'int'")>
Traceback (most recent call last):
  File "server.py", line 18, in handle_echo
    data = await reader.read(config['DATA']['characters'])
  File "/home/pi/Python-3.8.5/Lib/asyncio/streams.py", line 670, in read
    if n < 0:
TypeError: '<' not supported between instances of 'str' and 'int'
2020-12-08 12:53:09,680 Task exception was never retrieved
future: <Task finished name='Task-6' coro=<handle_echo() done, defined at server.py:17> exception=TypeError("'<' not supported between instances of 'str' and 'int'")>
Traceback (most recent call last):
  File "server.py", line 18, in handle_echo
    data = await reader.read(config['DATA']['characters'])
  File "/home/pi/Python-3.8.5/Lib/asyncio/streams.py", line 670, in read
    if n < 0:
TypeError: '<' not supported between instances of 'str' and 'int'
2020-12-08 13:06:15,374 Task exception was never retrieved
future: <Task finished name='Task-8' coro=<handle_echo() done, defined at server.py:17> exception=TypeError("'<' not supported between instances of 'str' and 'int'")>
Traceback (most recent call last):
  File "server.py", line 18, in handle_echo
    data = await reader.read(config['DATA']['characters'])
  File "/home/pi/Python-3.8.5/Lib/asyncio/streams.py", line 670, in read
    if n < 0:
TypeError: '<' not supported between instances of 'str' and 'int'
2020-12-08 13:06:50,793 Task exception was never retrieved
future: <Task finished name='Task-10' coro=<handle_echo() done, defined at server.py:17> exception=TypeError("'<' not supported between instances of 'str' and 'int'")>
Traceback (most recent call last):
  File "server.py", line 18, in handle_echo
    data = await reader.read(config['DATA']['characters'])
  File "/home/pi/Python-3.8.5/Lib/asyncio/streams.py", line 670, in read
    if n < 0:
TypeError: '<' not supported between instances of 'str' and 'int'
2020-12-08 13:07:55,032 Task exception was never retrieved
future: <Task finished name='Task-12' coro=<handle_echo() done, defined at server.py:17> exception=TypeError("'<' not supported between instances of 'str' and 'int'")>
Traceback (most recent call last):
  File "server.py", line 18, in handle_echo
    data = await reader.read(config['DATA']['characters'])
  File "/home/pi/Python-3.8.5/Lib/asyncio/streams.py", line 670, in read
    if n < 0:
TypeError: '<' not supported between instances of 'str' and 'int'
2020-12-08 13:09:14,115 Task exception was never retrieved
future: <Task finished name='Task-14' coro=<handle_echo() done, defined at server.py:17> exception=TypeError("'<' not supported between instances of 'str' and 'int'")>
Traceback (most recent call last):
  File "server.py", line 18, in handle_echo
    data = await reader.read(config['DATA']['characters'])
  File "/home/pi/Python-3.8.5/Lib/asyncio/streams.py", line 670, in read
    if n < 0:
TypeError: '<' not supported between instances of 'str' and 'int'
2020-12-08 13:10:02,199 Task exception was never retrieved
future: <Task finished name='Task-16' coro=<handle_echo() done, defined at server.py:17> exception=TypeError("'<' not supported between instances of 'str' and 'int'")>
Traceback (most recent call last):
  File "server.py", line 18, in handle_echo
    data = await reader.read(config['DATA']['characters'])
  File "/home/pi/Python-3.8.5/Lib/asyncio/streams.py", line 670, in read
    if n < 0:
TypeError: '<' not supported between instances of 'str' and 'int'
2020-12-08 13:11:10,909 Server started
2020-12-08 13:13:08,404 Server started
2020-12-08 13:13:12,273 Read sensor
2020-12-08 14:28:53,155 Server started
2020-12-08 14:28:56,669 Read sensor
2020-12-08 14:58:29,736 Read sensor
2020-12-08 14:59:45,575 Read sensor
2020-12-08 15:00:29,653 Read sensor
2020-12-08 15:01:27,723 Read sensor
2020-12-08 15:02:09,886 Read sensor
2020-12-08 15:02:33,956 Read sensor
2020-12-08 15:02:59,738 Read sensor
2020-12-08 15:03:15,717 Read sensor
2020-12-08 15:25:22,788 Read sensor
2020-12-08 15:26:12,714 Read sensor
2020-12-08 15:26:27,505 Read sensor
2020-12-08 15:27:05,433 Read sensor
2020-12-08 15:27:21,550 Read sensor
2020-12-08 15:27:56,830 Read sensor
2020-12-08 15:28:01,138 Read sensor
2020-12-08 15:28:11,557 Read sensor
2020-12-08 15:28:14,218 Read sensor
2020-12-08 15:28:17,270 Read sensor
2020-12-08 15:28:19,597 Read sensor
2020-12-08 15:29:41,435 Read sensor
2020-12-08 15:34:06,751 Read sensor
2020-12-08 15:35:38,056 Read sensor
2020-12-08 15:35:41,488 Read sensor
2020-12-08 15:35:45,921 Read sensor
2020-12-08 15:37:26,356 Read sensor
2020-12-08 15:38:29,244 Read sensor
2020-12-08 16:18:58,824 Read sensor
2020-12-08 17:30:06,518 Using selector: KqueueSelector
2020-12-08 17:30:35,705 Using selector: KqueueSelector
2020-12-08 17:32:37,776 Using selector: KqueueSelector
2020-12-08 17:33:37,686 Using selector: KqueueSelector
2020-12-08 17:38:38,658 Using selector: KqueueSelector
2020-12-08 17:39:28,638 Using selector: KqueueSelector
2020-12-08 23:00:51,537 Using selector: KqueueSelector
2020-12-08 23:00:52,531 Starting new HTTP connection (1): localhost:8090
2020-12-08 23:00:52,547 http://localhost:8090 "POST /api/main/view?az=0.0&alt=0.0 HTTP/1.1" 200 2
2020-12-08 23:01:05,844 Using selector: KqueueSelector
2020-12-08 23:01:06,893 Starting new HTTP connection (1): localhost:8090
2020-12-08 23:01:06,895 http://localhost:8090 "POST /api/main/view?az=0.0&alt=0.0 HTTP/1.1" 200 2
2020-12-08 23:13:23,262 Using selector: KqueueSelector
2020-12-08 23:29:49,762 Using selector: KqueueSelector
2020-12-08 23:30:16,646 Using selector: KqueueSelector
2020-12-08 23:30:26,874 Using selector: KqueueSelector
2020-12-08 23:33:42,441 Starting new HTTP connection (1): localhost:8090
2020-12-08 23:33:42,444 http://localhost:8090 "GET /api/main/status?propId=1&actionId=1 HTTP/1.1" 200 1489
2020-12-08 23:33:42,444 Using selector: KqueueSelector
2020-12-08 23:34:20,784 Starting new HTTP connection (1): localhost:8090
2020-12-08 23:34:20,789 http://localhost:8090 "GET /api/main/status?propId=1&actionId=1 HTTP/1.1" 200 1489
2020-12-08 23:34:36,732 Starting new HTTP connection (1): localhost:8090
2020-12-08 23:34:36,746 http://localhost:8090 "GET /api/main/status?propId=1&actionId=1 HTTP/1.1" 200 1490
2020-12-08 23:34:36,758 Starting new HTTP connection (1): localhost:8090
2020-12-08 23:34:36,759 http://localhost:8090 "POST /api/main/view?az=180&alt=45 HTTP/1.1" 200 2
2020-12-08 23:34:36,762 Starting new HTTP connection (1): localhost:8090
2020-12-08 23:34:36,763 http://localhost:8090 "POST /api/main/fov?fov=5 HTTP/1.1" 200 2
2020-12-08 23:36:08,150 Using selector: KqueueSelector
2020-12-08 23:39:10,399 Using selector: KqueueSelector
2020-12-08 23:41:59,478 Using selector: KqueueSelector
2020-12-08 23:42:08,524 Starting new HTTP connection (1): localhost:8090
2020-12-08 23:42:08,537 http://localhost:8090 "GET /api/main/status?propId=1&actionId=1 HTTP/1.1" 200 1491
2020-12-08 23:42:08,538 Using selector: KqueueSelector
2020-12-08 23:42:09,450 Starting new HTTP connection (1): localhost:8090
2020-12-08 23:42:09,452 http://localhost:8090 "POST /api/main/view?az=8.0&alt=0.0 HTTP/1.1" 200 2
2020-12-08 23:42:09,454 Starting new HTTP connection (1): localhost:8090
2020-12-08 23:42:09,504 http://localhost:8090 "POST /api/main/fov?fov=5 HTTP/1.1" 200 2
2020-12-08 23:43:16,032 Starting new HTTP connection (1): localhost:8090
2020-12-08 23:43:16,061 http://localhost:8090 "GET /api/main/status?propId=1&actionId=1 HTTP/1.1" 200 1491
2020-12-08 23:43:16,062 Using selector: KqueueSelector
2020-12-08 23:43:17,248 Starting new HTTP connection (1): localhost:8090
2020-12-08 23:43:17,249 http://localhost:8090 "POST /api/main/view?az=0.0&alt=0.0 HTTP/1.1" 200 2
2020-12-08 23:43:17,251 Starting new HTTP connection (1): localhost:8090
2020-12-08 23:43:17,253 http://localhost:8090 "POST /api/main/fov?fov=5 HTTP/1.1" 200 2
2020-12-08 23:44:22,606 Starting new HTTP connection (1): localhost:8090
2020-12-08 23:44:22,609 http://localhost:8090 "GET /api/main/status?propId=1&actionId=1 HTTP/1.1" 200 1491
2020-12-08 23:44:22,610 Using selector: KqueueSelector
2020-12-08 23:44:33,495 Starting new HTTP connection (1): localhost:8090
2020-12-08 23:44:33,512 http://localhost:8090 "GET /api/main/status?propId=1&actionId=1 HTTP/1.1" 200 1490
2020-12-08 23:44:33,513 Using selector: KqueueSelector
2020-12-08 23:44:34,393 Starting new HTTP connection (1): localhost:8090
2020-12-08 23:44:34,408 http://localhost:8090 "POST /api/main/view?az=8.0&alt=0.0 HTTP/1.1" 200 2
2020-12-08 23:44:34,411 Starting new HTTP connection (1): localhost:8090
2020-12-08 23:44:34,413 http://localhost:8090 "POST /api/main/fov?fov=5 HTTP/1.1" 200 2
2020-12-08 23:44:34,414 Using selector: KqueueSelector
2020-12-08 23:44:35,567 Starting new HTTP connection (1): localhost:8090
2020-12-08 23:44:35,583 http://localhost:8090 "POST /api/main/view?az=0.0&alt=0.0 HTTP/1.1" 200 2
2020-12-08 23:44:35,586 Starting new HTTP connection (1): localhost:8090
2020-12-08 23:44:35,588 http://localhost:8090 "POST /api/main/fov?fov=5 HTTP/1.1" 200 2
2020-12-08 23:44:35,589 Using selector: KqueueSelector
2020-12-08 23:44:36,456 Starting new HTTP connection (1): localhost:8090
2020-12-08 23:44:36,480 http://localhost:8090 "POST /api/main/view?az=0.0&alt=0.0 HTTP/1.1" 200 2
2020-12-08 23:44:36,483 Starting new HTTP connection (1): localhost:8090
2020-12-08 23:44:36,485 http://localhost:8090 "POST /api/main/fov?fov=5 HTTP/1.1" 200 2
2020-12-08 23:44:36,486 Using selector: KqueueSelector
2020-12-08 23:44:37,358 Starting new HTTP connection (1): localhost:8090
2020-12-08 23:44:37,375 http://localhost:8090 "POST /api/main/view?az=8.0&alt=0.0 HTTP/1.1" 200 2
2020-12-08 23:44:37,377 Starting new HTTP connection (1): localhost:8090
2020-12-08 23:44:37,379 http://localhost:8090 "POST /api/main/fov?fov=5 HTTP/1.1" 200 2
2020-12-08 23:44:37,380 Using selector: KqueueSelector
2020-12-08 23:47:25,625 Starting new HTTP connection (1): localhost:8090
2020-12-08 23:47:25,651 http://localhost:8090 "GET /api/main/status?propId=1&actionId=1 HTTP/1.1" 200 1490
2020-12-08 23:47:25,652 Using selector: KqueueSelector
2020-12-08 23:47:42,634 Using selector: KqueueSelector
2020-12-08 23:51:56,636 Using selector: KqueueSelector
2020-12-08 23:52:09,188 Starting new HTTP connection (1): localhost:8090
2020-12-08 23:52:09,191 http://localhost:8090 "GET /api/main/status?propId=1&actionId=1 HTTP/1.1" 200 1491
2020-12-08 23:52:09,192 Using selector: KqueueSelector
2020-12-08 23:52:10,076 Starting new HTTP connection (1): localhost:8090
2020-12-08 23:52:10,078 http://localhost:8090 "POST /api/main/view?az=0.0&alt=0.0 HTTP/1.1" 200 2
2020-12-08 23:52:10,080 Starting new HTTP connection (1): localhost:8090
2020-12-08 23:52:10,082 http://localhost:8090 "POST /api/main/fov?fov=5 HTTP/1.1" 200 2
2020-12-08 23:52:10,082 Using selector: KqueueSelector
2020-12-08 23:52:11,359 Starting new HTTP connection (1): localhost:8090
2020-12-08 23:52:11,415 http://localhost:8090 "POST /api/main/view?az=0.0&alt=0.0 HTTP/1.1" 200 2
2020-12-08 23:52:11,419 Starting new HTTP connection (1): localhost:8090
2020-12-08 23:52:11,479 http://localhost:8090 "POST /api/main/fov?fov=5 HTTP/1.1" 200 2
2020-12-08 23:52:11,480 Using selector: KqueueSelector
2020-12-08 23:52:12,726 Starting new HTTP connection (1): localhost:8090
2020-12-08 23:52:12,772 http://localhost:8090 "POST /api/main/view?az=0.0&alt=0.0 HTTP/1.1" 200 2
2020-12-08 23:52:12,777 Starting new HTTP connection (1): localhost:8090
2020-12-08 23:52:12,779 http://localhost:8090 "POST /api/main/fov?fov=5 HTTP/1.1" 200 2
2020-12-08 23:52:12,779 Using selector: KqueueSelector
2020-12-08 23:52:13,659 Starting new HTTP connection (1): localhost:8090
2020-12-08 23:52:13,661 http://localhost:8090 "POST /api/main/view?az=0.0&alt=0.0 HTTP/1.1" 200 2
2020-12-08 23:52:13,663 Starting new HTTP connection (1): localhost:8090
2020-12-08 23:52:13,691 http://localhost:8090 "POST /api/main/fov?fov=5 HTTP/1.1" 200 2
2020-12-08 23:52:13,692 Using selector: KqueueSelector
2020-12-08 23:52:14,566 Starting new HTTP connection (1): localhost:8090
2020-12-08 23:52:14,590 http://localhost:8090 "POST /api/main/view?az=0.0&alt=0.0 HTTP/1.1" 200 2
2020-12-08 23:52:14,593 Starting new HTTP connection (1): localhost:8090
2020-12-08 23:52:14,595 http://localhost:8090 "POST /api/main/fov?fov=5 HTTP/1.1" 200 2
2020-12-08 23:52:14,596 Using selector: KqueueSelector
2020-12-08 23:52:41,751 Starting new HTTP connection (1): localhost:8090
2020-12-08 23:52:41,755 http://localhost:8090 "GET /api/main/status?propId=1&actionId=1 HTTP/1.1" 200 1491
2020-12-08 23:52:41,756 Using selector: KqueueSelector
2020-12-08 23:52:42,799 Starting new HTTP connection (1): localhost:8090
2020-12-08 23:52:42,814 http://localhost:8090 "POST /api/main/view?az=0.0&alt=0.0 HTTP/1.1" 200 2
2020-12-08 23:52:42,817 Starting new HTTP connection (1): localhost:8090
2020-12-08 23:52:42,819 http://localhost:8090 "POST /api/main/fov?fov=5 HTTP/1.1" 200 2
2020-12-08 23:52:42,820 Using selector: KqueueSelector
2020-12-08 23:52:43,700 Starting new HTTP connection (1): localhost:8090
2020-12-08 23:52:43,709 http://localhost:8090 "POST /api/main/view?az=0.0&alt=0.0 HTTP/1.1" 200 2
2020-12-08 23:52:43,712 Starting new HTTP connection (1): localhost:8090
2020-12-08 23:52:43,714 http://localhost:8090 "POST /api/main/fov?fov=5 HTTP/1.1" 200 2
2020-12-08 23:52:43,715 Using selector: KqueueSelector
2020-12-08 23:52:44,845 Starting new HTTP connection (1): localhost:8090
2020-12-08 23:52:44,847 http://localhost:8090 "POST /api/main/view?az=0.0&alt=0.0 HTTP/1.1" 200 2
2020-12-08 23:52:44,849 Starting new HTTP connection (1): localhost:8090
2020-12-08 23:52:44,850 http://localhost:8090 "POST /api/main/fov?fov=5 HTTP/1.1" 200 2
2020-12-08 23:52:44,850 Using selector: KqueueSelector
2020-12-08 23:52:45,977 Starting new HTTP connection (1): localhost:8090
2020-12-08 23:52:46,005 http://localhost:8090 "POST /api/main/view?az=0.0&alt=0.0 HTTP/1.1" 200 2
2020-12-08 23:52:46,008 Starting new HTTP connection (1): localhost:8090
2020-12-08 23:52:46,010 http://localhost:8090 "POST /api/main/fov?fov=5 HTTP/1.1" 200 2
2020-12-08 23:52:46,011 Using selector: KqueueSelector
2020-12-08 23:52:47,140 Starting new HTTP connection (1): localhost:8090
2020-12-08 23:52:47,141 http://localhost:8090 "POST /api/main/view?az=0.0&alt=0.0 HTTP/1.1" 200 2
2020-12-08 23:52:47,143 Starting new HTTP connection (1): localhost:8090
2020-12-08 23:52:47,144 http://localhost:8090 "POST /api/main/fov?fov=5 HTTP/1.1" 200 2
2020-12-08 23:52:47,145 Using selector: KqueueSelector
